<?xml version="1.0" encoding="UTF-8"?>
<!-- Generated by org.testng.reporters.JUnitReportReporter -->
<testsuite skipped="0" hostname="BDC6-DX-J0H7T72" name="com.text.CaseStudy" tests="4" failures="0" timestamp="24 Jul 2019 07:05:11 GMT" time="57.567" errors="0">
  <testcase name="signup" time="31.814" classname="com.text.CaseStudy"/>
  <testcase name="login" time="3.529" classname="com.text.CaseStudy"/>
  <testcase name="testCart" time="9.451" classname="com.text.CaseStudy"/>
  <testcase name="testPayment" time="12.773" classname="com.text.CaseStudy"/>
</testsuite> <!-- com.text.CaseStudy -->
